<?xml version="1.0" encoding="UTF-8"?>
<!-- Generated by org.testng.reporters.JUnitXMLReporter -->
<testsuite ignored="2" hostname="DESKTOP-KVOUA9J" failures="0" tests="2" name="Test" time="5.561" errors="0" timestamp="2024-01-04T00:02:34 IST">
  <testcase classname="TestCases.TestCase01" name="test1" time="4.424"/>
  <testcase classname="TestCases.TestCase01" name="test2" time="0.708"/>
  <testcase classname="TestCases.TestCase01" name="test4" time="0.0">
    <ignored/>
  </testcase> <!-- test4 -->
  <testcase classname="TestCases.TestCase01" name="test3" time="0.0">
    <ignored/>
  </testcase> <!-- test3 -->
</testsuite> <!-- Test -->
