<?xml version="1.0" encoding="UTF-8"?>
<!-- Generated by org.testng.reporters.JUnitXMLReporter -->
<testsuite ignored="1" hostname="DESKTOP-KVOUA9J" failures="3" tests="12" name="Test" time="33.435" errors="0" timestamp="2023-12-11T01:14:11 IST">
  <testcase classname="TestCases.TestCase01" name="test1" time="2.33">
    <skipped/>
  </testcase> <!-- test1 -->
  <testcase classname="TestCases.TestCase01" name="test1" time="1.82">
    <skipped/>
  </testcase> <!-- test1 -->
  <testcase classname="TestCases.TestCase01" name="test1" time="1.891">
    <skipped/>
  </testcase> <!-- test1 -->
  <testcase classname="TestCases.TestCase01" name="test1" time="1.733">
    <failure type="java.lang.AssertionError" message="expected [false] but found [true]">
      <![CDATA[java.lang.AssertionError: expected [false] but found [true]
at TestCases.TestCase01.test1(TestCase01.java:36)
at java.base/java.util.ArrayList.forEach(ArrayList.java:1511)
... Removed 31 stack frames]]>
    </failure>
  </testcase> <!-- test1 -->
  <testcase classname="TestCases.TestCase01" name="test1" time="2.282">
    <skipped/>
  </testcase> <!-- test1 -->
  <testcase classname="TestCases.TestCase01" name="test1" time="2.145">
    <skipped/>
  </testcase> <!-- test1 -->
  <testcase classname="TestCases.TestCase01" name="test1" time="1.876">
    <skipped/>
  </testcase> <!-- test1 -->
  <testcase classname="TestCases.TestCase01" name="test1" time="1.975">
    <failure type="java.lang.AssertionError" message="expected [false] but found [true]">
      <![CDATA[java.lang.AssertionError: expected [false] but found [true]
at TestCases.TestCase01.test1(TestCase01.java:36)
at java.base/java.util.ArrayList.forEach(ArrayList.java:1511)
... Removed 31 stack frames]]>
    </failure>
  </testcase> <!-- test1 -->
  <testcase classname="TestCases.TestCase01" name="test1" time="1.969">
    <skipped/>
  </testcase> <!-- test1 -->
  <testcase classname="TestCases.TestCase01" name="test1" time="1.721">
    <skipped/>
  </testcase> <!-- test1 -->
  <testcase classname="TestCases.TestCase01" name="test1" time="2.383">
    <skipped/>
  </testcase> <!-- test1 -->
  <testcase classname="TestCases.TestCase01" name="test1" time="1.872">
    <failure type="java.lang.AssertionError" message="expected [false] but found [true]">
      <![CDATA[java.lang.AssertionError: expected [false] but found [true]
at TestCases.TestCase01.test1(TestCase01.java:36)
at java.base/java.util.ArrayList.forEach(ArrayList.java:1511)
... Removed 31 stack frames]]>
    </failure>
  </testcase> <!-- test1 -->
  <testcase classname="TestCases.TestCase01" name="test2" time="0.0">
    <ignored/>
  </testcase> <!-- test2 -->
</testsuite> <!-- Test -->
