<?xml version="1.0" encoding="UTF-8"?>
<testng-results ignored="2" total="4" passed="2" failed="0" skipped="0">
  <reporter-output>
  </reporter-output>
  <suite started-at="2024-01-24T02:04:52 IST" name="Default suite" finished-at="2024-01-24T02:04:56 IST" duration-ms="3808">
    <groups>
    </groups>
    <test started-at="2024-01-24T02:04:52 IST" name="Default test" finished-at="2024-01-24T02:04:56 IST" duration-ms="3808">
      <class name="TestCases.TestCase01">
        <test-method is-config="true" signature="setup()[pri:0, instance:TestCases.TestCase01@58ea606c]" started-at="2024-01-24T02:04:46 IST" name="setup" finished-at="2024-01-24T02:04:52 IST" duration-ms="6714" status="PASS">
          <reporter-output>
          </reporter-output>
        </test-method> <!-- setup -->
        <test-method signature="test1()[pri:1, instance:TestCases.TestCase01@58ea606c]" started-at="2024-01-24T02:04:52 IST" name="test1" finished-at="2024-01-24T02:04:55 IST" duration-ms="2516" status="PASS">
          <reporter-output>
          </reporter-output>
        </test-method> <!-- test1 -->
        <test-method signature="test2()[pri:2, instance:TestCases.TestCase01@58ea606c]" started-at="2024-01-24T02:04:55 IST" name="test2" finished-at="2024-01-24T02:04:56 IST" duration-ms="1250" status="PASS">
          <reporter-output>
          </reporter-output>
        </test-method> <!-- test2 -->
      </class> <!-- TestCases.TestCase01 -->
    </test> <!-- Default test -->
  </suite> <!-- Default suite -->
</testng-results>
