<?xml version="1.0" encoding="UTF-8"?>
<testng-results ignored="1" total="4" passed="3" failed="0" skipped="0">
  <reporter-output>
  </reporter-output>
  <suite started-at="2023-12-26T01:17:28 IST" name="Default suite" finished-at="2023-12-26T01:17:39 IST" duration-ms="11361">
    <groups>
    </groups>
    <test started-at="2023-12-26T01:17:28 IST" name="Default test" finished-at="2023-12-26T01:17:39 IST" duration-ms="11361">
      <class name="TestCases.TestCase01">
        <test-method is-config="true" signature="setup()[pri:0, instance:TestCases.TestCase01@37271612]" started-at="2023-12-26T01:17:28 IST" name="setup" finished-at="2023-12-26T01:17:35 IST" duration-ms="7664" status="PASS">
          <reporter-output>
          </reporter-output>
        </test-method> <!-- setup -->
        <test-method signature="test1()[pri:1, instance:TestCases.TestCase01@37271612]" started-at="2023-12-26T01:17:35 IST" name="test1" finished-at="2023-12-26T01:17:37 IST" duration-ms="2044" status="PASS">
          <reporter-output>
          </reporter-output>
        </test-method> <!-- test1 -->
        <test-method signature="test2()[pri:2, instance:TestCases.TestCase01@37271612]" started-at="2023-12-26T01:17:37 IST" name="test2" finished-at="2023-12-26T01:17:38 IST" duration-ms="659" status="PASS">
          <reporter-output>
          </reporter-output>
        </test-method> <!-- test2 -->
        <test-method signature="test4()[pri:4, instance:TestCases.TestCase01@37271612]" started-at="2023-12-26T01:17:38 IST" name="test4" finished-at="2023-12-26T01:17:39 IST" duration-ms="910" status="PASS">
          <reporter-output>
          </reporter-output>
        </test-method> <!-- test4 -->
      </class> <!-- TestCases.TestCase01 -->
    </test> <!-- Default test -->
  </suite> <!-- Default suite -->
</testng-results>
