<?xml version="1.0" encoding="UTF-8"?>
<!-- Generated by org.testng.reporters.JUnitXMLReporter -->
<testsuite ignored="1" hostname="DESKTOP-KVOUA9J" failures="0" tests="3" name="Default test" time="11.361" errors="0" timestamp="2023-12-26T01:17:39 IST">
  <testcase classname="TestCases.TestCase01" name="test1" time="2.044"/>
  <testcase classname="TestCases.TestCase01" name="test2" time="0.659"/>
  <testcase classname="TestCases.TestCase01" name="test4" time="0.91"/>
  <testcase classname="TestCases.TestCase01" name="test3" time="0.0">
    <ignored/>
  </testcase> <!-- test3 -->
</testsuite> <!-- Default test -->
