<?xml version="1.0" encoding="UTF-8"?>
<!-- Generated by org.testng.reporters.JUnitXMLReporter -->
<testsuite ignored="2" hostname="DESKTOP-KVOUA9J" failures="0" tests="2" name="Default test" time="3.808" errors="0" timestamp="2024-01-24T02:04:56 IST">
  <testcase classname="TestCases.TestCase01" name="test1" time="2.516"/>
  <testcase classname="TestCases.TestCase01" name="test2" time="1.25"/>
  <testcase classname="TestCases.TestCase01" name="test4" time="0.0">
    <ignored/>
  </testcase> <!-- test4 -->
  <testcase classname="TestCases.TestCase01" name="test3" time="0.0">
    <ignored/>
  </testcase> <!-- test3 -->
</testsuite> <!-- Default test -->
